<?xml version="1.0" encoding="UTF-8"?>
<!-- Generated by org.testng.reporters.JUnitReportReporter -->
<testsuite skipped="0" hostname="Sarath_bg" name="Runner.Admin" tests="1" failures="0" timestamp="2020-09-18T12:52:59 IST" time="19.556" errors="0">
  <testcase name="Draw_A_Line" time="19.556" classname="Runner.Admin"/>
</testsuite> <!-- Runner.Admin -->
