<?xml version="1.0" encoding="UTF-8"?>
<!-- Generated by org.testng.reporters.JUnitReportReporter -->
<testsuite skipped="0" hostname="Sarath_bg" name="Runner.AbinBev_test" tests="1" failures="0" timestamp="2020-08-20T18:43:59 IST" time="37.376" errors="0">
  <testcase name="sample_run" time="37.376" classname="Runner.AbinBev_test"/>
</testsuite> <!-- Runner.AbinBev_test -->
