<?xml version="1.0" encoding="UTF-8"?>
<!-- Generated by org.testng.reporters.JUnitReportReporter -->
<testsuite skipped="0" hostname="Sarath_bg" name="Runner.Admin" tests="2" failures="0" timestamp="2020-08-26T17:21:56 IST" time="25.848" errors="0">
  <testcase name="login_integreon" time="8.813" classname="Runner.Admin"/>
  <testcase name="Addnew_Request" time="17.035" classname="Runner.Admin"/>
</testsuite> <!-- Runner.Admin -->
